<?xml version="1.0" encoding="UTF-8"?>
<!-- Generated by org.testng.reporters.JUnitReportReporter -->
<testsuite hostname="RahulZagade-PC" failures="0" tests="1" name="testNGTest.prac" time="0.016" errors="0" timestamp="2022-01-04T20:32:59 IST" skipped="0">
  <testcase classname="testNGTest.prac" name="disp" time="0.016"/>
  <system-out/>
</testsuite> <!-- testNGTest.prac -->
