<?xml version="1.0" encoding="UTF-8"?>
<!-- Generated by org.testng.reporters.JUnitReportReporter -->
<testsuite hostname="RahulZagade-PC" failures="0" tests="1" name="testNGTest.googleFeatures" time="13.018" errors="0" timestamp="2022-01-04T21:19:41 IST" skipped="0">
  <testcase classname="testNGTest.googleFeatures" name="navigateGoogle" time="13.018"/>
  <system-out/>
</testsuite> <!-- testNGTest.googleFeatures -->
