<?xml version="1.0" encoding="UTF-8"?>
<!-- Generated by org.testng.reporters.JUnitReportReporter -->
<testsuite hostname="RahulZagade-PC" failures="0" tests="1" name="testNGTest.googleFeatures" time="17.809" errors="0" timestamp="2022-01-05T12:20:55 IST" skipped="0">
  <testcase classname="testNGTest.googleFeatures" name="navigateGoogle" time="17.809"/>
  <system-out/>
</testsuite> <!-- testNGTest.googleFeatures -->
