<?xml version="1.0" encoding="UTF-8"?>
<!-- Generated by org.testng.reporters.JUnitReportReporter -->
<testsuite hostname="RahulZagade-PC" failures="0" tests="1" name="testNGTest.loksattaFeatures" time="10.459" errors="0" timestamp="2022-01-05T16:36:49 IST" skipped="0">
  <testcase classname="testNGTest.loksattaFeatures" name="openLoksatta" time="10.459"/>
  <system-out/>
</testsuite> <!-- testNGTest.loksattaFeatures -->
